-------------------------------------------------------------------------------
Test set: com.example.demo.InventarioAppApplicationTests
-------------------------------------------------------------------------------
Tests run: 1, Failures: 0, Errors: 1, Skipped: 0, Time elapsed: 0.178 s <<< FAILURE! - in com.example.demo.InventarioAppApplicationTests
com.example.demo.InventarioAppApplicationTests  Time elapsed: 0.177 s  <<< ERROR!
java.lang.IllegalStateException: Unable to find a @SpringBootConfiguration, you need to use @ContextConfiguration or @SpringBootTest(classes=...) with your test

